<?xml version="1.0" encoding="UTF-8"?>
<!-- Generated by org.testng.reporters.JUnitXMLReporter -->
<testsuite ignored="0" hostname="LAPTOP-BIM2FR3V" failures="0" tests="5" name="Test" time="74.322" errors="0" timestamp="2024-11-06T06:22:53 IST">
  <testcase classname="testScenarios.DynamicDataHand" name="dynCal" time="8.479"/>
  <testcase classname="testScenarios.SwitchingWindows" name="switchWin" time="14.969"/>
  <testcase classname="testScenarios.MouseHover" name="dragAndDrp" time="11.525"/>
  <testcase classname="testScenarios.DatePicker" name="selData" time="25.582"/>
  <testcase classname="testScenarios.HandlingRadCheckBoxes" name="radChkBoxes" time="13.701"/>
</testsuite> <!-- Test -->
