<?xml version="1.0" encoding="UTF-8"?>
<!-- Generated by org.testng.reporters.JUnitXMLReporter -->
<testsuite ignored="0" hostname="LAPTOP-BIM2FR3V" failures="0" tests="5" name="Test" time="58.239" errors="0" timestamp="2024-11-07T06:24:18 IST">
  <testcase classname="testScenarios.DynamicDataHand" name="dynCal" time="7.096"/>
  <testcase classname="testScenarios.SwitchingWindows" name="switchWin" time="7.982"/>
  <testcase classname="testScenarios.MouseHover" name="dragAndDrp" time="10.302"/>
  <testcase classname="testScenarios.DatePicker" name="selData" time="21.202"/>
  <testcase classname="testScenarios.HandlingRadCheckBoxes" name="radChkBoxes" time="11.576"/>
</testsuite> <!-- Test -->
