<?xml version="1.0" encoding="UTF-8"?>
<testsuite xmlns:xsi="http://www.w3.org/2001/XMLSchema-instance" xsi:noNamespaceSchemaLocation="https://maven.apache.org/surefire/maven-surefire-plugin/xsd/surefire-test-report.xsd" version="3.0.1" name="TestSuite" time="59.145" tests="5" errors="0" skipped="0" failures="0">
  <properties>
[...]
</properties>
  <testcase name="dynCal" classname="testScenarios.DynamicDataHand" time="7.093">
    <system-out><![CDATA[What is 9 + 9
9	9
true
Calculation is correct...
What is 4 + 1
4	1
true
Calculation is correct...
What is 5 + 5
5	5
true
Calculation is correct...
]]></system-out>
    <system-err><![CDATA[SLF4J: Failed to load class "org.slf4j.impl.StaticLoggerBinder".
SLF4J: Defaulting to no-operation (NOP) logger implementation
SLF4J: See http://www.slf4j.org/codes.html#StaticLoggerBinder for further details.
Nov 07, 2024 6:23:23 AM org.openqa.selenium.devtools.CdpVersionFinder findNearestMatch
WARNING: Unable to find an exact match for CDP version 130, returning the closest version; found: 129; Please update to a Selenium version that supports CDP version 130
]]></system-err>
  </testcase>
  <testcase name="switchWin" classname="testScenarios.SwitchingWindows" time="7.983">
    <system-out><![CDATA[total windows=2
6E436277F672F0B74F7AA6F862CF6B4C
1D98D5575585E3FE7A00D1B5FA8D60C4
Window1 title-W3Schools Tryit Editor
Window2 title-W3Schools Online Web Tutorials
true
]]></system-out>
    <system-err><![CDATA[Nov 07, 2024 6:23:28 AM org.openqa.selenium.devtools.CdpVersionFinder findNearestMatch
WARNING: Unable to find an exact match for CDP version 130, returning the closest version; found: 129; Please update to a Selenium version that supports CDP version 130
]]></system-err>
  </testcase>
  <testcase name="dragAndDrp" classname="testScenarios.MouseHover" time="10.302">
    <system-err><![CDATA[Nov 07, 2024 6:23:36 AM org.openqa.selenium.devtools.CdpVersionFinder findNearestMatch
WARNING: Unable to find an exact match for CDP version 130, returning the closest version; found: 129; Please update to a Selenium version that supports CDP version 130
]]></system-err>
  </testcase>
  <testcase name="selData" classname="testScenarios.DatePicker" time="21.204">
    <system-out><![CDATA[Month=November	Year=2024
Month=October	Year=2024
Month=September	Year=2024
Month=August	Year=2024
Month=July	Year=2024
Month=June	Year=2024
Month=May	Year=2024
Month=April	Year=2024
Month=March	Year=2024
Month=February	Year=2024
Month=January	Year=2024
Month=December	Year=2023
Month=November	Year=2023
Month=October	Year=2023
Month=September	Year=2023
Month=August	Year=2023
Month=July	Year=2023
Month=June	Year=2023
Month=May	Year=2023
Month=April	Year=2023
Month=March	Year=2023
Month=February	Year=2023
Month=January	Year=2023
Month=December	Year=2022
Month=November	Year=2022
Month=October	Year=2022
Month=September	Year=2022
Month=August	Year=2022
Month=July	Year=2022
Month=June	Year=2022
Month=May	Year=2022
Month=April	Year=2022
Month=March	Year=2022
Month=February	Year=2022
Month=January	Year=2022
Month=December	Year=2021
Month=November	Year=2021
Month=October	Year=2021
Month=September	Year=2021
Month=August	Year=2021
Month=July	Year=2021
Month=June	Year=2021
Month=May	Year=2021
Month=April	Year=2021
Month=March	Year=2021
Month=February	Year=2021
Month=January	Year=2021
Month=December	Year=2020
Month=November	Year=2020
Month=October	Year=2020
Month=September	Year=2020
Month=August	Year=2020
Month=July	Year=2020
Month=June	Year=2020
Month=May	Year=2020
Month=April	Year=2020
Month=March	Year=2020
Month=February	Year=2020
Month=January	Year=2020
]]></system-out>
    <system-err><![CDATA[Nov 07, 2024 6:23:46 AM org.openqa.selenium.devtools.CdpVersionFinder findNearestMatch
WARNING: Unable to find an exact match for CDP version 130, returning the closest version; found: 129; Please update to a Selenium version that supports CDP version 130
]]></system-err>
  </testcase>
  <testcase name="radChkBoxes" classname="testScenarios.HandlingRadCheckBoxes" time="11.575">
    <system-out><![CDATA[BMW Radio button is selected..
Benz checkbox is selected..
Honda Checkbox is selected..
]]></system-out>
    <system-err><![CDATA[Nov 07, 2024 6:24:08 AM org.openqa.selenium.devtools.CdpVersionFinder findNearestMatch
WARNING: Unable to find an exact match for CDP version 130, returning the closest version; found: 129; Please update to a Selenium version that supports CDP version 130
]]></system-err>
  </testcase>
</testsuite>