<?xml version="1.0" encoding="UTF-8"?>
<testng-results ignored="0" total="5" passed="5" failed="0" skipped="0">
  <reporter-output>
  </reporter-output>
  <suite started-at="2024-11-07T06:23:20 IST" name="Suite" finished-at="2024-11-07T06:24:18 IST" duration-ms="58239">
    <groups>
    </groups>
    <test started-at="2024-11-07T06:23:20 IST" name="Test" finished-at="2024-11-07T06:24:18 IST" duration-ms="58239">
      <class name="testScenarios.SwitchingWindows">
        <test-method signature="switchWin()[pri:0, instance:testScenarios.SwitchingWindows@7ed7259e]" started-at="2024-11-07T06:23:27 IST" name="switchWin" finished-at="2024-11-07T06:23:35 IST" duration-ms="7982" status="PASS">
          <reporter-output>
          </reporter-output>
        </test-method> <!-- switchWin -->
      </class> <!-- testScenarios.SwitchingWindows -->
      <class name="testScenarios.MouseHover">
        <test-method signature="dragAndDrp()[pri:0, instance:testScenarios.MouseHover@28eaa59a]" started-at="2024-11-07T06:23:35 IST" name="dragAndDrp" finished-at="2024-11-07T06:23:45 IST" duration-ms="10302" status="PASS">
          <reporter-output>
          </reporter-output>
        </test-method> <!-- dragAndDrp -->
      </class> <!-- testScenarios.MouseHover -->
      <class name="testScenarios.HandlingRadCheckBoxes">
        <test-method signature="radChkBoxes()[pri:0, instance:testScenarios.HandlingRadCheckBoxes@647e447]" started-at="2024-11-07T06:24:06 IST" name="radChkBoxes" finished-at="2024-11-07T06:24:18 IST" duration-ms="11576" status="PASS">
          <reporter-output>
          </reporter-output>
        </test-method> <!-- radChkBoxes -->
      </class> <!-- testScenarios.HandlingRadCheckBoxes -->
      <class name="testScenarios.DynamicDataHand">
        <test-method signature="dynCal()[pri:0, instance:testScenarios.DynamicDataHand@39529185]" started-at="2024-11-07T06:23:20 IST" name="dynCal" finished-at="2024-11-07T06:23:27 IST" duration-ms="7096" status="PASS">
          <reporter-output>
          </reporter-output>
        </test-method> <!-- dynCal -->
      </class> <!-- testScenarios.DynamicDataHand -->
      <class name="testScenarios.DatePicker">
        <test-method signature="selData()[pri:0, instance:testScenarios.DatePicker@3427b02d]" started-at="2024-11-07T06:23:45 IST" name="selData" finished-at="2024-11-07T06:24:06 IST" duration-ms="21202" status="PASS">
          <reporter-output>
          </reporter-output>
        </test-method> <!-- selData -->
      </class> <!-- testScenarios.DatePicker -->
    </test> <!-- Test -->
  </suite> <!-- Suite -->
</testng-results>
