<?xml version="1.0" encoding="UTF-8"?>
<testng-results ignored="0" total="5" passed="5" failed="0" skipped="0">
  <reporter-output>
  </reporter-output>
  <suite started-at="2024-11-06T06:21:38 IST" name="Suite" finished-at="2024-11-06T06:22:52 IST" duration-ms="74322">
    <groups>
    </groups>
    <test started-at="2024-11-06T06:21:38 IST" name="Test" finished-at="2024-11-06T06:22:52 IST" duration-ms="74322">
      <class name="testScenarios.SwitchingWindows">
        <test-method signature="switchWin()[pri:0, instance:testScenarios.SwitchingWindows@291ae]" started-at="2024-11-06T06:21:47 IST" name="switchWin" finished-at="2024-11-06T06:22:02 IST" duration-ms="14969" status="PASS">
          <reporter-output>
          </reporter-output>
        </test-method> <!-- switchWin -->
      </class> <!-- testScenarios.SwitchingWindows -->
      <class name="testScenarios.MouseHover">
        <test-method signature="dragAndDrp()[pri:0, instance:testScenarios.MouseHover@61df66b6]" started-at="2024-11-06T06:22:02 IST" name="dragAndDrp" finished-at="2024-11-06T06:22:13 IST" duration-ms="11525" status="PASS">
          <reporter-output>
          </reporter-output>
        </test-method> <!-- dragAndDrp -->
      </class> <!-- testScenarios.MouseHover -->
      <class name="testScenarios.HandlingRadCheckBoxes">
        <test-method signature="radChkBoxes()[pri:0, instance:testScenarios.HandlingRadCheckBoxes@16ec5519]" started-at="2024-11-06T06:22:39 IST" name="radChkBoxes" finished-at="2024-11-06T06:22:52 IST" duration-ms="13701" status="PASS">
          <reporter-output>
          </reporter-output>
        </test-method> <!-- radChkBoxes -->
      </class> <!-- testScenarios.HandlingRadCheckBoxes -->
      <class name="testScenarios.DynamicDataHand">
        <test-method signature="dynCal()[pri:0, instance:testScenarios.DynamicDataHand@3c407114]" started-at="2024-11-06T06:21:38 IST" name="dynCal" finished-at="2024-11-06T06:21:47 IST" duration-ms="8479" status="PASS">
          <reporter-output>
          </reporter-output>
        </test-method> <!-- dynCal -->
      </class> <!-- testScenarios.DynamicDataHand -->
      <class name="testScenarios.DatePicker">
        <test-method signature="selData()[pri:0, instance:testScenarios.DatePicker@50eac852]" started-at="2024-11-06T06:22:13 IST" name="selData" finished-at="2024-11-06T06:22:39 IST" duration-ms="25582" status="PASS">
          <reporter-output>
          </reporter-output>
        </test-method> <!-- selData -->
      </class> <!-- testScenarios.DatePicker -->
    </test> <!-- Test -->
  </suite> <!-- Suite -->
</testng-results>
